[16Oct2024 02:08:34.437] [main/INFO] [cpw.mods.modlauncher.Launcher/MODLAUNCHER]: ModLauncher running: args [--launchTarget, forgeclientuserdev, --version, 21.1.65, --assetIndex, 17, --assetsDir, C:\\Users\\Karl\\.mcreator\\gradle\\caches\\neoformruntime\\assets, --gameDir, ., --fml.neoForgeVersion, 21.1.65, --fml.fmlVersion, 4.0.24, --fml.mcVersion, 1.21.1, --fml.neoFormVersion, 20240808.144430]
[16Oct2024 02:08:34.445] [main/INFO] [cpw.mods.modlauncher.Launcher/MODLAUNCHER]: JVM identified as Eclipse Adoptium OpenJDK 64-Bit Server VM 21.0.4+7-LTS
[16Oct2024 02:08:34.448] [main/INFO] [cpw.mods.modlauncher.Launcher/MODLAUNCHER]: ModLauncher 11.0.4+main.d2e20e43 starting: java version 21.0.4 by Eclipse Adoptium; OS Windows 11 arch amd64 version 10.0
[16Oct2024 02:08:34.693] [main/INFO] [net.neoforged.fml.loading.ImmediateWindowHandler/]: Loading ImmediateWindowProvider fmlearlywindow
[16Oct2024 02:08:34.994] [main/INFO] [EARLYDISPLAY/]: Trying GL version 4.6
[16Oct2024 02:08:35.753] [main/INFO] [EARLYDISPLAY/]: Requested GL version 4.6 got version 4.6
[16Oct2024 02:08:35.994] [main/INFO] [mixin/]: SpongePowered MIXIN Subsystem Version=0.8.7 Source=union:/C:/Users/Karl/.mcreator/gradle/caches/modules-2/files-2.1/net.fabricmc/sponge-mixin/0.15.2+mixin.0.8.7/2af2f021d8e02a0220dc27a7a72b4666d66d44ca/sponge-mixin-0.15.2+mixin.0.8.7.jar%23131!/ Service=ModLauncher Env=CLIENT
[16Oct2024 02:08:36.173] [pool-2-thread-1/INFO] [EARLYDISPLAY/]: GL info: NVIDIA GeForce RTX 3050 Ti Laptop GPU/PCIe/SSE2 GL version 4.6.0 NVIDIA 552.12, NVIDIA Corporation
[16Oct2024 02:08:36.639] [main/INFO] [net.neoforged.fml.loading.moddiscovery.locators.JarInJarDependencyLocator/]: Found 2 dependencies adding them to mods collection
[16Oct2024 02:08:37.900] [main/INFO] [cpw.mods.modlauncher.LaunchServiceHandler/MODLAUNCHER]: Launching target 'forgeclientuserdev' with arguments [--version, 21.1.65, --gameDir, ., --assetsDir, C:\Users\Karl\.mcreator\gradle\caches\neoformruntime\assets, --assetIndex, 17]
[16Oct2024 02:08:41.128] [Datafixer Bootstrap/INFO] [com.mojang.datafixers.DataFixerBuilder/]: 229 Datafixer optimizations took 638 milliseconds
[16Oct2024 02:08:41.744] [pool-7-thread-1/INFO] [MixinExtras|Service/]: Initializing MixinExtras via com.llamalad7.mixinextras.service.MixinExtrasServiceImpl(version=0.4.1).
[16Oct2024 02:08:48.768] [main/WARN] [net.minecraft.commands.Commands/]: Ambiguity between arguments [teleport, location] and [teleport, destination] with inputs: [0.1 -0.5 .9, 0 0 0]
[16Oct2024 02:08:48.771] [main/WARN] [net.minecraft.commands.Commands/]: Ambiguity between arguments [teleport, location] and [teleport, targets] with inputs: [0.1 -0.5 .9, 0 0 0]
[16Oct2024 02:08:48.776] [main/WARN] [net.minecraft.commands.Commands/]: Ambiguity between arguments [teleport, destination] and [teleport, targets] with inputs: [Player, 0123, @e, dd12be42-52a9-4a91-a8a1-11c01849e498]
[16Oct2024 02:08:48.780] [main/WARN] [net.minecraft.commands.Commands/]: Ambiguity between arguments [teleport, targets] and [teleport, destination] with inputs: [Player, 0123, dd12be42-52a9-4a91-a8a1-11c01849e498]
[16Oct2024 02:08:48.784] [main/WARN] [net.minecraft.commands.Commands/]: Ambiguity between arguments [teleport, targets, location] and [teleport, targets, destination] with inputs: [0.1 -0.5 .9, 0 0 0]
[16Oct2024 02:08:49.014] [Render thread/WARN] [net.minecraft.server.packs.VanillaPackResourcesBuilder/]: Assets URL 'union:/D:/Files/Da%20Documents/Mods/MC-Kraftmined-Ultimate/Kombat/build/moddev/artifacts/neoforge-21.1.65-minecraft.jar%23183!/assets/.mcassetsroot' uses unexpected schema
[16Oct2024 02:08:49.015] [Render thread/WARN] [net.minecraft.server.packs.VanillaPackResourcesBuilder/]: Assets URL 'union:/D:/Files/Da%20Documents/Mods/MC-Kraftmined-Ultimate/Kombat/build/moddev/artifacts/neoforge-21.1.65-minecraft.jar%23183!/data/.mcassetsroot' uses unexpected schema
[16Oct2024 02:08:49.078] [Render thread/INFO] [com.mojang.authlib.yggdrasil.YggdrasilAuthenticationService/]: Environment: Environment[sessionHost=https://sessionserver.mojang.com, servicesHost=https://api.minecraftservices.com, name=PROD]
[16Oct2024 02:08:49.103] [Render thread/INFO] [net.minecraft.client.Minecraft/]: Setting user: Dev
[16Oct2024 02:08:49.269] [Render thread/INFO] [net.minecraft.client.Minecraft/]: Backend library: LWJGL version 3.3.3+5
[16Oct2024 02:08:49.706] [modloading-worker-0/INFO] [net.neoforged.neoforge.common.NeoForgeMod/NEOFORGE-MOD]: NeoForge mod loading, version 21.1.65, for MC 1.21.1
[16Oct2024 02:08:51.345] [Render thread/INFO] [net.neoforged.neoforge.gametest.GameTestHooks/]: Enabled Gametest Namespaces: []
[16Oct2024 02:08:51.581] [Render thread/INFO] [net.minecraft.server.packs.resources.ReloadableResourceManager/]: Reloading ResourceManager: vanilla, mod_resources, mod/neoforge, mod/kraftmined
[16Oct2024 02:08:51.756] [Worker-Main-6/INFO] [net.minecraft.client.gui.font.providers.UnihexProvider/]: Found unifont_all_no_pua-15.1.05.hex, loading
[16Oct2024 02:08:52.138] [Worker-Main-1/INFO] [net.minecraft.client.gui.font.providers.UnihexProvider/]: Found unifont_jp_patch-15.1.05.hex, loading
[16Oct2024 02:08:52.467] [Worker-Main-5/WARN] [net.minecraft.client.renderer.texture.SpriteLoader/]: Texture kraftmined:item/obsidian_katana with size 24x23 limits mip level from 2 to 0
[16Oct2024 02:08:55.222] [Render thread/WARN] [net.minecraft.client.sounds.SoundEngine/]: Missing sound for event: minecraft:item.goat_horn.play
[16Oct2024 02:08:55.236] [Render thread/WARN] [net.minecraft.client.sounds.SoundEngine/]: Missing sound for event: minecraft:entity.goat.screaming.horn_break
[16Oct2024 02:08:55.863] [Render thread/INFO] [com.mojang.blaze3d.audio.Library/]: OpenAL initialized on device OpenAL Soft on Headphones (2- TWS V5.3)
[16Oct2024 02:08:55.870] [Render thread/INFO] [net.minecraft.client.sounds.SoundEngine/SOUNDS]: Sound engine started
[16Oct2024 02:08:56.104] [Render thread/INFO] [net.minecraft.client.renderer.texture.TextureAtlas/]: Created: 1024x512x2 minecraft:textures/atlas/blocks.png-atlas
[16Oct2024 02:08:56.139] [Render thread/INFO] [net.minecraft.client.renderer.texture.TextureAtlas/]: Created: 256x256x2 minecraft:textures/atlas/signs.png-atlas
[16Oct2024 02:08:56.143] [Render thread/INFO] [net.minecraft.client.renderer.texture.TextureAtlas/]: Created: 512x512x2 minecraft:textures/atlas/shield_patterns.png-atlas
[16Oct2024 02:08:56.151] [Render thread/INFO] [net.minecraft.client.renderer.texture.TextureAtlas/]: Created: 512x512x2 minecraft:textures/atlas/banner_patterns.png-atlas
[16Oct2024 02:08:56.162] [Render thread/INFO] [net.minecraft.client.renderer.texture.TextureAtlas/]: Created: 1024x1024x2 minecraft:textures/atlas/armor_trims.png-atlas
[16Oct2024 02:08:56.214] [Render thread/INFO] [net.minecraft.client.renderer.texture.TextureAtlas/]: Created: 128x64x2 minecraft:textures/atlas/decorated_pot.png-atlas
[16Oct2024 02:08:56.218] [Render thread/INFO] [net.minecraft.client.renderer.texture.TextureAtlas/]: Created: 256x256x2 minecraft:textures/atlas/chest.png-atlas
[16Oct2024 02:08:56.221] [Render thread/INFO] [net.minecraft.client.renderer.texture.TextureAtlas/]: Created: 512x256x2 minecraft:textures/atlas/beds.png-atlas
[16Oct2024 02:08:56.225] [Render thread/INFO] [net.minecraft.client.renderer.texture.TextureAtlas/]: Created: 512x256x2 minecraft:textures/atlas/shulker_boxes.png-atlas
[16Oct2024 02:08:57.005] [Render thread/INFO] [net.minecraft.client.renderer.texture.TextureAtlas/]: Created: 512x256x0 minecraft:textures/atlas/particles.png-atlas
[16Oct2024 02:08:57.008] [Render thread/INFO] [net.minecraft.client.renderer.texture.TextureAtlas/]: Created: 512x256x0 minecraft:textures/atlas/paintings.png-atlas
[16Oct2024 02:08:57.011] [Render thread/INFO] [net.minecraft.client.renderer.texture.TextureAtlas/]: Created: 256x128x0 minecraft:textures/atlas/mob_effects.png-atlas
[16Oct2024 02:08:57.013] [Render thread/INFO] [net.minecraft.client.renderer.texture.TextureAtlas/]: Created: 64x64x0 minecraft:textures/atlas/map_decorations.png-atlas
[16Oct2024 02:08:57.014] [Render thread/INFO] [net.minecraft.client.renderer.texture.TextureAtlas/]: Created: 1024x512x0 minecraft:textures/atlas/gui.png-atlas
[16Oct2024 02:08:57.057] [Render thread/WARN] [net.minecraft.client.renderer.ShaderInstance/]: Shader rendertype_entity_translucent_emissive could not find sampler named Sampler2 in the specified shader program.
[16Oct2024 02:08:57.157] [Render thread/INFO] [net.neoforged.neoforge.client.entity.animation.json.AnimationLoader/]: Loaded 0 entity animations
[16Oct2024 02:09:19.443] [Render thread/INFO] [net.minecraft.world.level.storage.LevelStorageSource/]: Deleting level New World
[16Oct2024 02:09:19.444] [Render thread/INFO] [net.minecraft.world.level.storage.LevelStorageSource/]: Attempt 1...
[16Oct2024 02:09:20.456] [Render thread/INFO] [net.minecraft.world.item.crafting.RecipeManager/]: Loaded 1290 recipes
[16Oct2024 02:09:20.696] [Render thread/INFO] [net.minecraft.advancements.AdvancementTree/]: Loaded 1399 advancements
[16Oct2024 02:09:50.190] [Server thread/INFO] [net.minecraft.client.server.IntegratedServer/]: Starting integrated minecraft server version 1.21.1
[16Oct2024 02:09:50.192] [Server thread/INFO] [net.minecraft.server.MinecraftServer/]: Generating keypair
[16Oct2024 02:09:53.218] [Server thread/INFO] [net.minecraft.server.MinecraftServer/]: Preparing start region for dimension minecraft:overworld
[16Oct2024 02:09:53.259] [progressListener/INFO] [net.minecraft.server.level.progress.LoggerChunkProgressListener/]: Preparing spawn area: 2%
[16Oct2024 02:09:53.884] [progressListener/INFO] [net.minecraft.server.level.progress.LoggerChunkProgressListener/]: Preparing spawn area: 2%
[16Oct2024 02:09:54.235] [progressListener/INFO] [net.minecraft.server.level.progress.LoggerChunkProgressListener/]: Preparing spawn area: 2%
[16Oct2024 02:09:54.789] [progressListener/INFO] [net.minecraft.server.level.progress.LoggerChunkProgressListener/]: Preparing spawn area: 2%
[16Oct2024 02:09:55.257] [progressListener/INFO] [net.minecraft.server.level.progress.LoggerChunkProgressListener/]: Preparing spawn area: 18%
[16Oct2024 02:09:55.724] [progressListener/INFO] [net.minecraft.server.level.progress.LoggerChunkProgressListener/]: Preparing spawn area: 18%
[16Oct2024 02:09:56.239] [progressListener/INFO] [net.minecraft.server.level.progress.LoggerChunkProgressListener/]: Preparing spawn area: 51%
[16Oct2024 02:09:56.740] [progressListener/INFO] [net.minecraft.server.level.progress.LoggerChunkProgressListener/]: Preparing spawn area: 51%
[16Oct2024 02:09:56.975] [Server thread/INFO] [net.neoforged.neoforge.server.permission.PermissionAPI/]: Successfully initialized permission handler neoforge:default_handler
[16Oct2024 02:09:56.988] [progressListener/INFO] [net.minecraft.server.level.progress.LoggerChunkProgressListener/]: Time elapsed: 3768 ms
[16Oct2024 02:09:57.022] [Server thread/INFO] [net.minecraft.client.server.IntegratedServer/]: Changing view distance to 5, from 10
[16Oct2024 02:09:57.022] [Server thread/INFO] [net.minecraft.client.server.IntegratedServer/]: Changing simulation distance to 12, from 0
[16Oct2024 02:09:57.833] [Server thread/INFO] [net.minecraft.server.players.PlayerList/]: Dev[local:E:31dfadc2] logged in with entity id 20 at (40.5, 67.0, -245.5)
[16Oct2024 02:09:57.906] [Server thread/INFO] [net.minecraft.server.MinecraftServer/]: Dev joined the game
[16Oct2024 02:09:58.032] [Render thread/INFO] [net.minecraft.advancements.AdvancementTree/]: Loaded 2 advancements
[16Oct2024 02:10:14.040] [Render thread/INFO] [net.minecraft.client.gui.components.ChatComponent/]: [System] [CHAT] Value of attribute Scale for entity Dev is 1.0
[16Oct2024 02:10:37.828] [Server thread/INFO] [net.minecraft.client.server.IntegratedServer/]: Saving and pausing game...
[16Oct2024 02:10:37.873] [Server thread/INFO] [net.minecraft.server.MinecraftServer/]: Saving chunks for level 'ServerLevel[New World]'/minecraft:overworld
[16Oct2024 02:10:37.928] [Server thread/INFO] [net.minecraft.server.MinecraftServer/]: Saving chunks for level 'ServerLevel[New World]'/minecraft:the_end
[16Oct2024 02:10:37.947] [Server thread/INFO] [net.minecraft.server.MinecraftServer/]: Saving chunks for level 'ServerLevel[New World]'/minecraft:the_nether
[16Oct2024 02:10:47.217] [Server thread/INFO] [net.minecraft.server.MinecraftServer/]: [Dev: Set the time to 13000]
[16Oct2024 02:10:47.223] [Render thread/INFO] [net.minecraft.client.gui.components.ChatComponent/]: [System] [CHAT] Set the time to 13000
[16Oct2024 02:11:11.541] [Render thread/WARN] [net.minecraft.client.sounds.SoundEngine/SOUNDS]: Unable to play empty soundEvent: minecraft:entity.tropical_fish.ambient
[16Oct2024 02:11:13.943] [Render thread/INFO] [net.minecraft.advancements.AdvancementTree/]: Loaded 11 advancements
[16Oct2024 02:11:17.638] [Render thread/WARN] [net.minecraft.client.sounds.SoundEngine/SOUNDS]: Unable to play empty soundEvent: minecraft:entity.puffer_fish.ambient
[16Oct2024 02:12:09.828] [Server thread/INFO] [net.minecraft.client.server.IntegratedServer/]: Saving and pausing game...
[16Oct2024 02:12:09.846] [Server thread/INFO] [net.minecraft.server.MinecraftServer/]: Saving chunks for level 'ServerLevel[New World]'/minecraft:overworld
[16Oct2024 02:12:09.878] [Server thread/INFO] [net.minecraft.server.MinecraftServer/]: Saving chunks for level 'ServerLevel[New World]'/minecraft:the_end
[16Oct2024 02:12:09.894] [Server thread/INFO] [net.minecraft.server.MinecraftServer/]: Saving chunks for level 'ServerLevel[New World]'/minecraft:the_nether
[16Oct2024 02:13:21.232] [Server thread/INFO] [net.minecraft.world.entity.npc.Villager/]: Villager Villager['Villager'/1477, l='ServerLevel[New World]', x=86.57, y=67.00, z=-279.66] died, message: 'Villager was slain by Husk'
[16Oct2024 02:13:21.254] [Render thread/INFO] [net.minecraft.world.entity.npc.Villager/]: Villager Villager['Villager'/1477, l='ClientLevel', x=86.25, y=67.00, z=-280.48] died, message: 'Villager died'
[16Oct2024 02:13:45.458] [Server thread/INFO] [net.minecraft.server.MinecraftServer/]: Dev has made the advancement [Monster Hunter]
[16Oct2024 02:13:45.470] [Render thread/INFO] [net.minecraft.client.gui.components.ChatComponent/]: [System] [CHAT] Dev has made the advancement [Monster Hunter]
[16Oct2024 02:13:45.499] [Render thread/INFO] [net.minecraft.advancements.AdvancementTree/]: Loaded 50 advancements
[16Oct2024 02:13:52.331] [Server thread/INFO] [net.minecraft.world.entity.npc.Villager/]: Villager Villager['Villager'/1491, l='ServerLevel[New World]', x=79.53, y=65.75, z=-316.13] died, message: 'Villager was slain by Husk'
[16Oct2024 02:14:43.329] [Server thread/INFO] [net.minecraft.client.server.IntegratedServer/]: Saving and pausing game...
[16Oct2024 02:14:43.351] [Server thread/INFO] [net.minecraft.server.MinecraftServer/]: Saving chunks for level 'ServerLevel[New World]'/minecraft:overworld
[16Oct2024 02:14:43.385] [Server thread/INFO] [net.minecraft.server.MinecraftServer/]: Saving chunks for level 'ServerLevel[New World]'/minecraft:the_end
[16Oct2024 02:14:43.399] [Server thread/INFO] [net.minecraft.server.MinecraftServer/]: Saving chunks for level 'ServerLevel[New World]'/minecraft:the_nether
[16Oct2024 02:14:51.335] [Server thread/INFO] [net.minecraft.world.entity.npc.Villager/]: Villager Villager['Villager'/1504, l='ServerLevel[New World]', x=96.54, y=62.68, z=-319.27] died, message: 'Villager was slain by Zombie'
[16Oct2024 02:15:01.984] [Server thread/INFO] [net.minecraft.world.entity.npc.Villager/]: Villager Villager['Villager'/1489, l='ServerLevel[New World]', x=31.87, y=66.00, z=-250.50] died, message: 'Villager was slain by Husk'
[16Oct2024 02:15:36.932] [Server thread/INFO] [net.minecraft.world.entity.npc.Villager/]: Villager Villager['Villager'/1487, l='ServerLevel[New World]', x=57.80, y=69.00, z=-249.56] died, message: 'Villager was slain by Husk'
[16Oct2024 02:15:42.585] [Server thread/INFO] [net.minecraft.world.entity.npc.Villager/]: Villager Villager['Villager'/1520, l='ServerLevel[New World]', x=47.77, y=69.53, z=-247.04] died, message: 'Villager was slain by Zombie Villager'
[16Oct2024 02:15:48.034] [Server thread/INFO] [net.minecraft.world.entity.npc.Villager/]: Villager Villager['Villager'/1510, l='ServerLevel[New World]', x=67.27, y=69.00, z=-294.81] died, message: 'Villager hit the ground too hard'
[16Oct2024 02:15:48.039] [Render thread/INFO] [net.minecraft.world.entity.npc.Villager/]: Villager Villager['Villager'/1510, l='ClientLevel', x=67.33, y=71.34, z=-294.45] died, message: 'Villager died'
[16Oct2024 02:16:07.631] [Server thread/INFO] [net.minecraft.world.entity.npc.Villager/]: Villager Villager['Villager'/1483, l='ServerLevel[New World]', x=68.87, y=64.25, z=-306.47] died, message: 'Villager was slain by Husk'
[16Oct2024 02:16:11.632] [Server thread/INFO] [net.minecraft.world.entity.npc.Villager/]: Villager Villager['Villager'/1481, l='ServerLevel[New World]', x=80.35, y=62.47, z=-224.80] died, message: 'Villager was slain by Husk'
[16Oct2024 02:16:16.484] [Server thread/INFO] [net.minecraft.world.entity.npc.Villager/]: Villager Villager['Villager'/1522, l='ServerLevel[New World]', x=90.48, y=62.51, z=-338.92] died, message: 'Villager was slain by Drowned'
[16Oct2024 02:16:27.511] [Render thread/INFO] [net.minecraft.client.gui.components.ChatComponent/]: [System] [CHAT] Value of attribute Block Interaction Range for entity Dev is 5.0
[16Oct2024 02:16:34.273] [Render thread/INFO] [net.minecraft.client.gui.components.ChatComponent/]: [System] [CHAT] Base value for attribute Block Interaction Range for entity Dev set to 10.0
[16Oct2024 02:16:40.822] [Render thread/INFO] [net.minecraft.client.gui.components.ChatComponent/]: [System] [CHAT] Base value for attribute Block Interaction Range for entity Dev set to 5.0
[16Oct2024 02:16:44.235] [Render thread/INFO] [net.minecraft.client.gui.components.ChatComponent/]: [System] [CHAT] Base value for attribute Block Interaction Range for entity Dev set to 50.0
[16Oct2024 02:16:45.936] [Server thread/INFO] [net.minecraft.world.entity.npc.Villager/]: Villager Villager['Villager'/1502, l='ServerLevel[New World]', x=68.25, y=65.00, z=-303.34] died, message: 'Villager was slain by Zombie Villager'
[16Oct2024 02:16:53.998] [Render thread/INFO] [net.minecraft.client.gui.components.ChatComponent/]: [System] [CHAT] Base value for attribute Block Interaction Range for entity Dev set to 100.0
[16Oct2024 02:17:02.948] [Render thread/INFO] [net.minecraft.client.gui.components.ChatComponent/]: [System] [CHAT] Base value for attribute Entity Interaction Range for entity Dev set to 100.0
[16Oct2024 02:17:12.634] [Server thread/INFO] [net.minecraft.world.entity.npc.Villager/]: Villager Villager['Villager'/1514, l='ServerLevel[New World]', x=68.74, y=63.00, z=-310.29] died, message: 'Villager was slain by Zombie Villager'
[16Oct2024 02:17:48.233] [Server thread/INFO] [net.minecraft.world.entity.npc.Villager/]: Villager Villager['Villager'/1518, l='ServerLevel[New World]', x=94.50, y=65.00, z=-291.91] died, message: 'Villager was slain by Husk'
[16Oct2024 02:18:49.584] [Server thread/INFO] [net.minecraft.world.entity.npc.Villager/]: Villager Villager['Villager'/1485, l='ServerLevel[New World]', x=93.30, y=69.91, z=-301.77] died, message: 'Villager was slain by Husk'
[16Oct2024 02:18:58.937] [Server thread/INFO] [net.minecraft.world.entity.npc.Villager/]: Villager Villager['Villager'/1472, l='ServerLevel[New World]', x=65.69, y=64.00, z=-286.34] died, message: 'Villager was slain by Zombie Villager'
[16Oct2024 02:19:03.282] [Server thread/INFO] [net.minecraft.world.entity.npc.Villager/]: Villager Villager['Villager'/1516, l='ServerLevel[New World]', x=84.39, y=72.00, z=-309.02] died, message: 'Villager was slain by Husk'
[16Oct2024 02:19:35.205] [Server thread/INFO] [net.minecraft.server.MinecraftServer/]: [Dev: Gave 1 [Netherite Battle Axe] to Dev]
[16Oct2024 02:19:35.211] [Render thread/INFO] [net.minecraft.client.gui.components.ChatComponent/]: [System] [CHAT] Gave 1 [Netherite Battle Axe] to Dev
[16Oct2024 02:19:58.737] [Render thread/INFO] [net.minecraft.advancements.AdvancementTree/]: Loaded 50 advancements
[16Oct2024 02:19:59.186] [Server thread/INFO] [net.minecraft.server.MinecraftServer/]: Dev has made the advancement [Cover Me with Diamonds]
[16Oct2024 02:19:59.195] [Render thread/INFO] [net.minecraft.client.gui.components.ChatComponent/]: [System] [CHAT] Dev has made the advancement [Cover Me with Diamonds]
[16Oct2024 02:19:59.241] [Render thread/INFO] [net.minecraft.advancements.AdvancementTree/]: Loaded 58 advancements
[16Oct2024 02:20:12.336] [Render thread/INFO] [net.minecraft.advancements.AdvancementTree/]: Loaded 58 advancements
[16Oct2024 02:20:22.036] [Render thread/INFO] [net.minecraft.advancements.AdvancementTree/]: Loaded 58 advancements
[16Oct2024 02:20:38.478] [Server thread/INFO] [net.minecraft.client.server.IntegratedServer/]: Saving and pausing game...
[16Oct2024 02:20:38.495] [Server thread/INFO] [net.minecraft.server.MinecraftServer/]: Saving chunks for level 'ServerLevel[New World]'/minecraft:overworld
[16Oct2024 02:20:38.523] [Server thread/INFO] [net.minecraft.server.MinecraftServer/]: Saving chunks for level 'ServerLevel[New World]'/minecraft:the_end
[16Oct2024 02:20:38.544] [Server thread/INFO] [net.minecraft.server.MinecraftServer/]: Saving chunks for level 'ServerLevel[New World]'/minecraft:the_nether
[16Oct2024 02:20:39.239] [Server thread/INFO] [net.minecraft.server.network.ServerGamePacketListenerImpl/]: Dev lost connection: Disconnected
[16Oct2024 02:20:39.241] [Server thread/INFO] [net.minecraft.server.MinecraftServer/]: Dev left the game
[16Oct2024 02:20:39.263] [Server thread/INFO] [net.minecraft.server.network.ServerCommonPacketListenerImpl/]: Stopping singleplayer server as player logged out
[16Oct2024 02:20:39.280] [Server thread/INFO] [net.minecraft.server.MinecraftServer/]: Stopping server
[16Oct2024 02:20:39.284] [Server thread/INFO] [net.minecraft.server.MinecraftServer/]: Saving players
[16Oct2024 02:20:39.285] [Server thread/INFO] [net.minecraft.server.MinecraftServer/]: Saving worlds
[16Oct2024 02:20:40.875] [Server thread/INFO] [net.minecraft.server.MinecraftServer/]: Saving chunks for level 'ServerLevel[New World]'/minecraft:overworld
[16Oct2024 02:20:40.971] [Server thread/INFO] [net.minecraft.server.MinecraftServer/]: Saving chunks for level 'ServerLevel[New World]'/minecraft:the_end
[16Oct2024 02:20:40.978] [Server thread/INFO] [net.minecraft.server.MinecraftServer/]: Saving chunks for level 'ServerLevel[New World]'/minecraft:the_nether
[16Oct2024 02:20:40.997] [Server thread/INFO] [net.minecraft.server.MinecraftServer/]: ThreadedAnvilChunkStorage (New World): All chunks are saved
[16Oct2024 02:20:40.998] [Server thread/INFO] [net.minecraft.server.MinecraftServer/]: ThreadedAnvilChunkStorage (DIM1): All chunks are saved
[16Oct2024 02:20:40.998] [Server thread/INFO] [net.minecraft.server.MinecraftServer/]: ThreadedAnvilChunkStorage (DIM-1): All chunks are saved
[16Oct2024 02:20:40.998] [Server thread/INFO] [net.minecraft.server.MinecraftServer/]: ThreadedAnvilChunkStorage: All dimensions are saved
[16Oct2024 02:20:41.768] [Render thread/INFO] [net.minecraft.client.Minecraft/]: Stopping!
